<?xml version="1.0" encoding="UTF-8"?>
<!-- Generated by org.testng.reporters.JUnitReportReporter -->
<testsuite hostname="usnycpww4300" name="mobile.test.CharminMobileIphone" tests="1" failures="1" timestamp="6 Mar 2015 15:59:27 GMT" time="0.018" errors="0">
  <testcase name="main" time="0.018" classname="mobile.test.CharminMobileIphone">
    <failure type="java.lang.IllegalArgumentException" message="argument type mismatch">
      <![CDATA[java.lang.IllegalArgumentException: argument type mismatch
	at sun.reflect.NativeMethodAccessorImpl.invoke0(Native Method)
	at java.lang.reflect.Method.invoke(Method.java:606)
]]>
    </failure>
  </testcase> <!-- main -->
</testsuite> <!-- mobile.test.CharminMobileIphone -->
