<?xml version="1.0" encoding="UTF-8"?>
<!-- Generated by org.testng.reporters.JUnitReportReporter -->
<testsuite hostname="usnycpww4300" name="brand.pepto.AllUrl" tests="1" failures="1" timestamp="10 Feb 2015 17:20:25 GMT" time="204.923" errors="0">
  <testcase name="searchGoogle" time="204.923" classname="brand.pepto.AllUrl">
    <failure type="java.lang.ArrayIndexOutOfBoundsException" message="53">
      <![CDATA[java.lang.ArrayIndexOutOfBoundsException: 53
	at jxl.read.biff.SheetImpl.getCell(SheetImpl.java:356)
	at brand.pepto.AllUrl.searchGoogle(AllUrl.java:56)
	at sun.reflect.NativeMethodAccessorImpl.invoke0(Native Method)
	at java.lang.reflect.Method.invoke(Method.java:606)
]]>
    </failure>
  </testcase> <!-- searchGoogle -->
</testsuite> <!-- brand.pepto.AllUrl -->
