<?xml version="1.0" encoding="UTF-8"?>
<!-- Generated by org.testng.reporters.JUnitReportReporter -->
<testsuite hostname="usnycpww4300" name="mobile.test.RedirectTest" tests="1" failures="1" timestamp="4 Mar 2015 18:53:40 GMT" time="0.017" errors="0">
  <testcase name="main" time="0.017" classname="mobile.test.RedirectTest">
    <failure type="java.lang.IllegalArgumentException" message="argument type mismatch">
      <![CDATA[java.lang.IllegalArgumentException: argument type mismatch
	at sun.reflect.NativeMethodAccessorImpl.invoke0(Native Method)
	at java.lang.reflect.Method.invoke(Method.java:606)
]]>
    </failure>
  </testcase> <!-- main -->
</testsuite> <!-- mobile.test.RedirectTest -->
