<?xml version="1.0" encoding="UTF-8"?>
<!-- Generated by org.testng.reporters.JUnitReportReporter -->
<testsuite hostname="usnycpww4300" name="mobile.test.ReadCSV" tests="1" failures="1" timestamp="24 Feb 2015 01:12:27 GMT" time="0.014" errors="0">
  <testcase name="run" time="0.014" classname="mobile.test.ReadCSV">
    <failure type="java.lang.ArrayIndexOutOfBoundsException" message="4">
      <![CDATA[java.lang.ArrayIndexOutOfBoundsException: 4
	at mobile.test.ReadCSV.run(ReadCSV.java:40)
	at sun.reflect.NativeMethodAccessorImpl.invoke0(Native Method)
	at java.lang.reflect.Method.invoke(Method.java:606)
]]>
    </failure>
  </testcase> <!-- run -->
</testsuite> <!-- mobile.test.ReadCSV -->
