<?xml version="1.0" encoding="UTF-8"?>
<!-- Generated by org.testng.reporters.JUnitReportReporter -->
<testsuite hostname="usnycpww4300" name="mobile.test.OldAndroidMobileIphone" tests="1" failures="1" timestamp="18 Mar 2015 13:46:43 GMT" time="0.532" errors="0">
  <testcase name="beforeClass" time="0.532" classname="mobile.test.OldAndroidMobileIphone">
    <failure type="java.lang.NullPointerException">
      <![CDATA[java.lang.NullPointerException
	at java.io.FileInputStream.<init>(FileInputStream.java:138)
	at java.io.FileInputStream.<init>(FileInputStream.java:101)
	at java.io.FileReader.<init>(FileReader.java:58)
	at mobile.test.OldAndroidMobileIphone.beforeClass(OldAndroidMobileIphone.java:82)
	at sun.reflect.NativeMethodAccessorImpl.invoke0(Native Method)
	at java.lang.reflect.Method.invoke(Method.java:606)
]]>
    </failure>
  </testcase> <!-- beforeClass -->
</testsuite> <!-- mobile.test.OldAndroidMobileIphone -->
